<?xml version="1.0" encoding="UTF-8"?>
<testng-results skipped="0" failed="1" ignored="0" total="4" passed="3">
  <reporter-output>
  </reporter-output>
  <suite name="Suite" duration-ms="64233" started-at="2022-03-08T16:45:09Z" finished-at="2022-03-08T16:46:13Z">
    <groups>
    </groups>
    <test name="Test-1" duration-ms="15333" started-at="2022-03-08T16:45:09Z" finished-at="2022-03-08T16:45:24Z">
      <class name="com.myStore.TestCases.CaseTest1">
        <test-method status="FAIL" signature="test1(java.lang.String)[pri:0, instance:com.myStore.TestCases.CaseTest1@1184ab05]" name="test1" duration-ms="14317" started-at="2022-03-08T16:45:09Z" finished-at="2022-03-08T16:45:23Z">
          <params>
            <param index="0">
              <value>
                <![CDATA[edge]]>
              </value>
            </param>
          </params>
          <exception class="java.lang.AssertionError">
            <message>
              <![CDATA[expected [true] but found [false]]]>
            </message>
            <full-stacktrace>
              <![CDATA[java.lang.AssertionError: expected [true] but found [false]
at org.testng.Assert.fail(Assert.java:96)
at org.testng.Assert.failNotEquals(Assert.java:776)
at org.testng.Assert.assertTrue(Assert.java:44)
at org.testng.Assert.assertTrue(Assert.java:54)
at com.myStore.TestCases.CaseTest1.test1(CaseTest1.java:29)
at sun.reflect.NativeMethodAccessorImpl.invoke0(Native Method)
at sun.reflect.NativeMethodAccessorImpl.invoke(NativeMethodAccessorImpl.java:62)
at sun.reflect.DelegatingMethodAccessorImpl.invoke(DelegatingMethodAccessorImpl.java:43)
at java.lang.reflect.Method.invoke(Method.java:498)
at org.testng.internal.MethodInvocationHelper.invokeMethod(MethodInvocationHelper.java:124)
at org.testng.internal.Invoker.invokeMethod(Invoker.java:583)
at org.testng.internal.Invoker.invokeTestMethod(Invoker.java:719)
at org.testng.internal.Invoker.invokeTestMethods(Invoker.java:989)
at org.testng.internal.TestMethodWorker.invokeTestMethods(TestMethodWorker.java:125)
at org.testng.internal.TestMethodWorker.run(TestMethodWorker.java:109)
at org.testng.TestRunner.privateRun(TestRunner.java:648)
at org.testng.TestRunner.run(TestRunner.java:505)
at org.testng.SuiteRunner.runTest(SuiteRunner.java:455)
at org.testng.SuiteRunner.runSequentially(SuiteRunner.java:450)
at org.testng.SuiteRunner.privateRun(SuiteRunner.java:415)
at org.testng.SuiteRunner.run(SuiteRunner.java:364)
at org.testng.SuiteRunnerWorker.runSuite(SuiteRunnerWorker.java:52)
at org.testng.SuiteRunnerWorker.run(SuiteRunnerWorker.java:84)
at org.testng.TestNG.runSuitesSequentially(TestNG.java:1208)
at org.testng.TestNG.runSuitesLocally(TestNG.java:1137)
at org.testng.TestNG.runSuites(TestNG.java:1049)
at org.testng.TestNG.run(TestNG.java:1017)
at org.testng.remote.AbstractRemoteTestNG.run(AbstractRemoteTestNG.java:115)
at org.testng.remote.RemoteTestNG.initAndRun(RemoteTestNG.java:251)
at org.testng.remote.RemoteTestNG.main(RemoteTestNG.java:77)
]]>
            </full-stacktrace>
          </exception> <!-- java.lang.AssertionError -->
          <reporter-output>
          </reporter-output>
        </test-method> <!-- test1 -->
        <test-method status="PASS" signature="tearDown()[pri:0, instance:com.myStore.TestCases.CaseTest1@1184ab05]" name="tearDown" is-config="true" duration-ms="991" started-at="2022-03-08T16:45:23Z" finished-at="2022-03-08T16:45:24Z">
          <reporter-output>
          </reporter-output>
        </test-method> <!-- tearDown -->
      </class> <!-- com.myStore.TestCases.CaseTest1 -->
    </test> <!-- Test-1 -->
    <test name="Test-2" duration-ms="16098" started-at="2022-03-08T16:45:24Z" finished-at="2022-03-08T16:45:40Z">
      <class name="com.myStore.TestCases.CaseTest2">
        <test-method status="PASS" signature="test1(java.lang.String)[pri:0, instance:com.myStore.TestCases.CaseTest2@470f1802]" name="test1" duration-ms="16089" started-at="2022-03-08T16:45:24Z" finished-at="2022-03-08T16:45:40Z">
          <params>
            <param index="0">
              <value>
                <![CDATA[firefox]]>
              </value>
            </param>
          </params>
          <reporter-output>
          </reporter-output>
        </test-method> <!-- test1 -->
      </class> <!-- com.myStore.TestCases.CaseTest2 -->
    </test> <!-- Test-2 -->
    <test name="Test-3" duration-ms="16440" started-at="2022-03-08T16:45:40Z" finished-at="2022-03-08T16:45:57Z">
      <class name="com.myStore.TestCases.LaunchBrowserTest">
        <test-method status="PASS" signature="Validate(java.lang.String, java.lang.String)[pri:0, instance:com.myStore.TestCases.LaunchBrowserTest@17046283]" name="Validate" duration-ms="16439" started-at="2022-03-08T16:45:40Z" finished-at="2022-03-08T16:45:57Z">
          <params>
            <param index="0">
              <value>
                <![CDATA[TestCase-03]]>
              </value>
            </param>
            <param index="1">
              <value>
                <![CDATA[chrome]]>
              </value>
            </param>
          </params>
          <reporter-output>
          </reporter-output>
        </test-method> <!-- Validate -->
      </class> <!-- com.myStore.TestCases.LaunchBrowserTest -->
    </test> <!-- Test-3 -->
    <test name="Test-4" duration-ms="16345" started-at="2022-03-08T16:45:57Z" finished-at="2022-03-08T16:46:13Z">
      <class name="com.myStore.TestCases.HandleDropdowns">
        <test-method status="PASS" signature="test()[pri:0, instance:com.myStore.TestCases.HandleDropdowns@19bb07ed]" name="test" duration-ms="16344" started-at="2022-03-08T16:45:57Z" finished-at="2022-03-08T16:46:13Z">
          <reporter-output>
          </reporter-output>
        </test-method> <!-- test -->
      </class> <!-- com.myStore.TestCases.HandleDropdowns -->
    </test> <!-- Test-4 -->
  </suite> <!-- Suite -->
</testng-results>
